Line 93: Class MSAdodcLib.Adodc of control Adodc1 was not a loaded control class.
Line 140: Class MSDataGridLib.DataGrid of control DataGrid1 was not a loaded control class.
Line 99: The property name _ExtentX in Adodc1 is invalid.
Line 100: The property name _ExtentY in Adodc1 is invalid.
Line 101: The property name ConnectMode in Adodc1 is invalid.
Line 102: The property name CursorLocation in Adodc1 is invalid.
Line 103: The property name IsolationLevel in Adodc1 is invalid.
Line 104: The property name ConnectionTimeout in Adodc1 is invalid.
Line 105: The property name CommandTimeout in Adodc1 is invalid.
Line 106: The property name CursorType in Adodc1 is invalid.
Line 107: The property name LockType in Adodc1 is invalid.
Line 108: The property name CommandType in Adodc1 is invalid.
Line 109: The property name CursorOptions in Adodc1 is invalid.
Line 110: The property name CacheSize in Adodc1 is invalid.
Line 111: The property name MaxRecords in Adodc1 is invalid.
Line 112: The property name BOFAction in Adodc1 is invalid.
Line 113: The property name EOFAction in Adodc1 is invalid.
Line 114: The property name ConnectStringType in Adodc1 is invalid.
Line 118: The property name Orientation in Adodc1 is invalid.
Line 120: The property name Connect in Adodc1 is invalid.
Line 121: The property name OLEDBString in Adodc1 is invalid.
Line 122: The property name OLEDBFile in Adodc1 is invalid.
Line 123: The property name DataSourceName in Adodc1 is invalid.
Line 124: The property name OtherAttributes in Adodc1 is invalid.
Line 125: The property name UserName in Adodc1 is invalid.
Line 126: The property name Password in Adodc1 is invalid.
Line 127: The property name RecordSource in Adodc1 is invalid.
Line 128: The property name Caption in Adodc1 is invalid.
Line 138: The property name _Version in Adodc1 is invalid.
Line 146: The property name _ExtentX in DataGrid1 is invalid.
Line 147: The property name _ExtentY in DataGrid1 is invalid.
Line 148: The property name _Version in DataGrid1 is invalid.
Line 150: The property name HeadLines in DataGrid1 is invalid.
Line 151: The property name RowHeight in DataGrid1 is invalid.
Line 152: The property name AllowDelete in DataGrid1 is invalid.
Line 161: The property name HeadFont in DataGrid1 is invalid.
Line 171: The property name ColumnCount in DataGrid1 is invalid.
Line 184: The property name Column00 in DataGrid1 is invalid.
Line 197: The property name Column01 in DataGrid1 is invalid.
Line 198: The property name SplitCount in DataGrid1 is invalid.
Line 204: The property name Split0 in DataGrid1 is invalid.
